Using pre-set license
Built from '2021.1/release' branch; Version is '2021.1.1f1 (6fdc41dfa55a) revision 7330881'; Using compiler version '192528614'; Build Type 'Release'
OS: 'Windows 10 Home; OS build 19043.1645; Version 2009; 64bit' Language: 'pl' Physical Memory: 8123 MB
BatchMode: 1, IsHumanControllingUs: 0, StartBugReporterOnCrash: 0, Is64bit: 1, IsPro: 0

 COMMAND LINE ARGUMENTS:
C:\Program Files\Unity\Hub\Editor\2021.1.1f1\Editor\Unity.exe
-adb2
-batchMode
-noUpm
-name
AssetImportWorker0
-projectPath
C:/Users/xmadi/Desktop/PaperAttackv3/PaperAttack
-logFile
Logs/AssetImportWorker0.log
-srvPort
50369
Successfully changed project path to: C:/Users/xmadi/Desktop/PaperAttackv3/PaperAttack
C:/Users/xmadi/Desktop/PaperAttackv3/PaperAttack
Using Asset Import Pipeline V2.
Refreshing native plugins compatible for Editor in 61.44 ms, found 0 plugins.
Preloading 0 native plugins for Editor in 0.00 ms.
Initialize engine version: 2021.1.1f1 (6fdc41dfa55a)
[Subsystems] Discovering subsystems at path C:/Program Files/Unity/Hub/Editor/2021.1.1f1/Editor/Data/Resources/UnitySubsystems
[Subsystems] Discovering subsystems at path C:/Users/xmadi/Desktop/PaperAttackv3/PaperAttack/Assets
GfxDevice: creating device client; threaded=0; jobified=0
Direct3D:
    Version:  Direct3D 11.0 [level 11.1]
    Renderer: NVIDIA GeForce GTX 1050 Ti (ID=0x1c82)
    Vendor:   NVIDIA
    VRAM:     4018 MB
    Driver:   30.0.15.1165
Shader 'Universal Render Pipeline/Particles/Lit': fallback shader 'Universal Render Pipeline/Particles/SimpleLit' not found
Initialize mono
Mono path[0] = 'C:/Program Files/Unity/Hub/Editor/2021.1.1f1/Editor/Data/Managed'
Mono path[1] = 'C:/Program Files/Unity/Hub/Editor/2021.1.1f1/Editor/Data/MonoBleedingEdge/lib/mono/unityjit'
Mono config path = 'C:/Program Files/Unity/Hub/Editor/2021.1.1f1/Editor/Data/MonoBleedingEdge/etc'
Using monoOptions --debugger-agent=transport=dt_socket,embedding=1,server=y,suspend=n,address=127.0.0.1:56936
Begin MonoManager ReloadAssembly
Registering precompiled unity dll's ...
Register platform support module: C:/Program Files/Unity/Hub/Editor/2021.1.1f1/Editor/Data/PlaybackEngines/WindowsStandaloneSupport/UnityEditor.WindowsStandalone.Extensions.dll
Registered in 0.002743 seconds.
Native extension for WindowsStandalone target not found
Refreshing native plugins compatible for Editor in 57.87 ms, found 0 plugins.
Preloading 0 native plugins for Editor in 0.00 ms.
Mono: successfully reloaded assembly
- Completed reload, in  2.692 seconds
Platform modules already initialized, skipping
Registering precompiled user dll's ...
Registered in 0.001402 seconds.
Begin MonoManager ReloadAssembly
Native extension for WindowsStandalone target not found
Refreshing native plugins compatible for Editor in 55.89 ms, found 0 plugins.
Preloading 0 native plugins for Editor in 0.00 ms.
Mono: successfully reloaded assembly
- Completed reload, in  1.188 seconds
Platform modules already initialized, skipping
========================================================================
Worker process is ready to serve import requests
Shader 'Universal Render Pipeline/Particles/Lit': fallback shader 'Universal Render Pipeline/Particles/SimpleLit' not found
Launched and connected shader compiler UnityShaderCompiler.exe after 0.05 seconds
Refreshing native plugins compatible for Editor in 0.50 ms, found 0 plugins.
Preloading 0 native plugins for Editor in 0.00 ms.
Unloading 2669 Unused Serialized files (Serialized files now loaded: 0)
System memory in use before: 128.9 MB.
System memory in use after: 129.0 MB.

Unloading 13 unused Assets to reduce memory usage. Loaded Objects now: 3134.
Total: 2.766000 ms (FindLiveObjects: 0.358100 ms CreateObjectMapping: 0.084500 ms MarkObjects: 2.260800 ms  DeleteObjects: 0.061200 ms)

========================================================================
Received Prepare
Shader 'Universal Render Pipeline/Particles/Lit': fallback shader 'Universal Render Pipeline/Particles/SimpleLit' not found
Refreshing native plugins compatible for Editor in 1.36 ms, found 0 plugins.
Preloading 0 native plugins for Editor in 0.00 ms.
Unloading 3 Unused Serialized files (Serialized files now loaded: 0)
System memory in use before: 68.7 MB.
System memory in use after: 68.9 MB.

Unloading 2 unused Assets to reduce memory usage. Loaded Objects now: 3134.
Total: 2.653400 ms (FindLiveObjects: 0.307300 ms CreateObjectMapping: 0.076700 ms MarkObjects: 2.229900 ms  DeleteObjects: 0.038300 ms)

========================================================================
Received Import Request.
  path: Assets/AudioMixer.mixer
  artifactKey: Guid(f7c14aa174b01f24b9caa7b6f2ad03f5) Importer(815301076,1909f56bfc062723c751e8b465ee728b)
Start importing Assets/AudioMixer.mixer using Guid(f7c14aa174b01f24b9caa7b6f2ad03f5) Importer(815301076,1909f56bfc062723c751e8b465ee728b)  -> (artifact id: '1aeef3bddfb9045967d5c15a1f4b4069') in 0.173659 seconds 
========================================================================
Received Import Request.
  Time since last request: 0.021294 seconds.
  path: Assets/Bouncing.physicsMaterial2D
  artifactKey: Guid(f970e994b479215479972a0ef085914a) Importer(815301076,1909f56bfc062723c751e8b465ee728b)
Start importing Assets/Bouncing.physicsMaterial2D using Guid(f970e994b479215479972a0ef085914a) Importer(815301076,1909f56bfc062723c751e8b465ee728b)  -> (artifact id: '897f7c747b80403ca1e460f489162989') in 0.050251 seconds 
========================================================================
Received Import Request.
  Time since last request: 0.000223 seconds.
  path: Assets/Ballon.prefab
  artifactKey: Guid(40b730e0a471c7a4aa0c7f9bbcdb5360) Importer(815301076,1909f56bfc062723c751e8b465ee728b)
Start importing Assets/Ballon.prefab using Guid(40b730e0a471c7a4aa0c7f9bbcdb5360) Importer(815301076,1909f56bfc062723c751e8b465ee728b)  -> (artifact id: 'aad23b80adf6fb987672aaaed0b5d12f') in 1.157669 seconds 
========================================================================
Received Prepare
Registering precompiled user dll's ...
Registered in 0.001224 seconds.
Begin MonoManager ReloadAssembly
Native extension for WindowsStandalone target not found
Refreshing native plugins compatible for Editor in 0.50 ms, found 0 plugins.
Preloading 0 native plugins for Editor in 0.00 ms.
Mono: successfully reloaded assembly
- Completed reload, in  1.074 seconds
Platform modules already initialized, skipping
Shader 'Universal Render Pipeline/Particles/Lit': fallback shader 'Universal Render Pipeline/Particles/SimpleLit' not found
Refreshing native plugins compatible for Editor in 0.51 ms, found 0 plugins.
Preloading 0 native plugins for Editor in 0.00 ms.
Unloading 2534 Unused Serialized files (Serialized files now loaded: 0)
System memory in use before: 125.0 MB.
System memory in use after: 125.2 MB.

Unloading 4 unused Assets to reduce memory usage. Loaded Objects now: 3182.
Total: 2.438200 ms (FindLiveObjects: 0.264300 ms CreateObjectMapping: 0.065100 ms MarkObjects: 2.087500 ms  DeleteObjects: 0.020000 ms)

========================================================================
Received Prepare
Registering precompiled user dll's ...
Registered in 0.001157 seconds.
Begin MonoManager ReloadAssembly
Native extension for WindowsStandalone target not found
Refreshing native plugins compatible for Editor in 0.52 ms, found 0 plugins.
Preloading 0 native plugins for Editor in 0.00 ms.
Mono: successfully reloaded assembly
- Completed reload, in  0.993 seconds
Platform modules already initialized, skipping
Shader 'Universal Render Pipeline/Particles/Lit': fallback shader 'Universal Render Pipeline/Particles/SimpleLit' not found
Refreshing native plugins compatible for Editor in 0.51 ms, found 0 plugins.
Preloading 0 native plugins for Editor in 0.00 ms.
Unloading 2534 Unused Serialized files (Serialized files now loaded: 0)
System memory in use before: 125.0 MB.
System memory in use after: 125.2 MB.

Unloading 4 unused Assets to reduce memory usage. Loaded Objects now: 3185.
Total: 2.399900 ms (FindLiveObjects: 0.255700 ms CreateObjectMapping: 0.069000 ms MarkObjects: 2.045300 ms  DeleteObjects: 0.029100 ms)

AssetImportWorkerClient::OnTransportError - code=2 error=End of file
